  [1m[36m (3.2ms)[0m  [1mCREATE TABLE "schema_migrations" ("version" varchar NOT NULL) [0m
  [1m[35m (3.1ms)[0m  select sqlite_version(*)
  [1m[36m (3.3ms)[0m  [1mCREATE UNIQUE INDEX "unique_schema_migrations" ON "schema_migrations" ("version")[0m
  [1m[35mActiveRecord::SchemaMigration Load (0.2ms)[0m  SELECT "schema_migrations".* FROM "schema_migrations"
  [1m[36m (3.1ms)[0m  [1mCREATE TABLE "schema_migrations" ("version" varchar NOT NULL) [0m
  [1m[35m (0.1ms)[0m  select sqlite_version(*)
  [1m[36m (3.3ms)[0m  [1mCREATE UNIQUE INDEX "unique_schema_migrations" ON "schema_migrations" ("version")[0m
  [1m[35mActiveRecord::SchemaMigration Load (0.2ms)[0m  SELECT "schema_migrations".* FROM "schema_migrations"
Migrating to CreateLocations (20160718162030)
  [1m[36m (0.2ms)[0m  [1mbegin transaction[0m
DEPRECATION WARNING: `#timestamps` was called without specifying an option for `null`. In Rails 5, this behavior will change to `null: false`. You should manually specify `null: true` to prevent the behavior of your existing migrations from changing. (called from block in change at /Users/kristinpasive/wdi/projects/sanigo/db/migrate/20160718162030_create_locations.rb:7)
  [1m[35m (0.6ms)[0m  CREATE TABLE "locations" ("id" INTEGER PRIMARY KEY AUTOINCREMENT NOT NULL, "name" varchar, "address" varchar, "created_at" datetime, "updated_at" datetime) 
  [1m[36mSQL (0.2ms)[0m  [1mINSERT INTO "schema_migrations" ("version") VALUES (?)[0m  [["version", "20160718162030"]]
  [1m[35m (2.6ms)[0m  commit transaction
Migrating to CreateComments (20160718162154)
  [1m[36m (0.1ms)[0m  [1mbegin transaction[0m
  [1m[35m (0.4ms)[0m  CREATE TABLE "comments" ("id" INTEGER PRIMARY KEY AUTOINCREMENT NOT NULL, "title" varchar, "body" varchar, "location_id" integer) 
  [1m[36mSQL (0.1ms)[0m  [1mINSERT INTO "schema_migrations" ("version") VALUES (?)[0m  [["version", "20160718162154"]]
  [1m[35m (2.6ms)[0m  commit transaction
  [1m[36mActiveRecord::SchemaMigration Load (0.1ms)[0m  [1mSELECT "schema_migrations".* FROM "schema_migrations"[0m
  [1m[36mActiveRecord::SchemaMigration Load (0.2ms)[0m  [1mSELECT "schema_migrations".* FROM "schema_migrations"[0m
  [1m[35mComment Load (4.8ms)[0m  SELECT "comments".* FROM "comments"
  [1m[36mLocation Load (2.3ms)[0m  [1mSELECT "locations".* FROM "locations"[0m
  [1m[35m (0.1ms)[0m  begin transaction
  [1m[36mSQL (5.2ms)[0m  [1mINSERT INTO "locations" ("name", "address", "created_at", "updated_at") VALUES (?, ?, ?, ?)[0m  [["name", "Postpub"], ["address", "1422 L St NW, Washington, DC 20005"], ["created_at", "2016-07-18 16:23:11.460648"], ["updated_at", "2016-07-18 16:23:11.460648"]]
  [1m[35m (2.9ms)[0m  commit transaction
  [1m[36m (0.1ms)[0m  [1mbegin transaction[0m
  [1m[35mSQL (0.5ms)[0m  INSERT INTO "locations" ("name", "address", "created_at", "updated_at") VALUES (?, ?, ?, ?)  [["name", "General Assembly"], ["address", "1133 15th St NW, Washington, DC 20005"], ["created_at", "2016-07-18 16:23:11.477362"], ["updated_at", "2016-07-18 16:23:11.477362"]]
  [1m[36m (4.1ms)[0m  [1mcommit transaction[0m
  [1m[36m (3.2ms)[0m  [1mCREATE TABLE "schema_migrations" ("version" varchar NOT NULL) [0m
  [1m[35m (0.1ms)[0m  select sqlite_version(*)
  [1m[36m (3.1ms)[0m  [1mCREATE UNIQUE INDEX "unique_schema_migrations" ON "schema_migrations" ("version")[0m
  [1m[35mActiveRecord::SchemaMigration Load (0.1ms)[0m  SELECT "schema_migrations".* FROM "schema_migrations"
Migrating to CreateLocations (20160718162030)
  [1m[36m (0.1ms)[0m  [1mbegin transaction[0m
DEPRECATION WARNING: `#timestamps` was called without specifying an option for `null`. In Rails 5, this behavior will change to `null: false`. You should manually specify `null: true` to prevent the behavior of your existing migrations from changing. (called from block in change at /Users/kristinpasive/wdi/projects/sanigo/db/migrate/20160718162030_create_locations.rb:7)
  [1m[35m (0.4ms)[0m  CREATE TABLE "locations" ("id" INTEGER PRIMARY KEY AUTOINCREMENT NOT NULL, "name" varchar, "address" varchar, "created_at" datetime, "updated_at" datetime) 
  [1m[36mSQL (0.2ms)[0m  [1mINSERT INTO "schema_migrations" ("version") VALUES (?)[0m  [["version", "20160718162030"]]
  [1m[35m (2.8ms)[0m  commit transaction
Migrating to CreateComments (20160718162154)
  [1m[36m (0.1ms)[0m  [1mbegin transaction[0m
  [1m[35m (0.5ms)[0m  CREATE TABLE "comments" ("id" INTEGER PRIMARY KEY AUTOINCREMENT NOT NULL, "title" varchar, "body" varchar, "location_id" integer) 
  [1m[36mSQL (0.2ms)[0m  [1mINSERT INTO "schema_migrations" ("version") VALUES (?)[0m  [["version", "20160718162154"]]
  [1m[35m (2.6ms)[0m  commit transaction
  [1m[36mActiveRecord::SchemaMigration Load (0.1ms)[0m  [1mSELECT "schema_migrations".* FROM "schema_migrations"[0m
  [1m[36mActiveRecord::SchemaMigration Load (0.1ms)[0m  [1mSELECT "schema_migrations".* FROM "schema_migrations"[0m
  [1m[35mComment Load (0.2ms)[0m  SELECT "comments".* FROM "comments"
  [1m[36mLocation Load (0.2ms)[0m  [1mSELECT "locations".* FROM "locations"[0m
  [1m[35m (0.1ms)[0m  begin transaction
  [1m[36mSQL (0.4ms)[0m  [1mINSERT INTO "locations" ("name", "address", "created_at", "updated_at") VALUES (?, ?, ?, ?)[0m  [["name", "Postpub"], ["address", "1422 L St NW, Washington, DC 20005"], ["created_at", "2016-07-18 16:25:34.339192"], ["updated_at", "2016-07-18 16:25:34.339192"]]
  [1m[35m (2.4ms)[0m  commit transaction
  [1m[36m (0.1ms)[0m  [1mbegin transaction[0m
  [1m[35mSQL (0.3ms)[0m  INSERT INTO "locations" ("name", "address", "created_at", "updated_at") VALUES (?, ?, ?, ?)  [["name", "General Assembly"], ["address", "1133 15th St NW, Washington, DC 20005"], ["created_at", "2016-07-18 16:25:34.345302"], ["updated_at", "2016-07-18 16:25:34.345302"]]
  [1m[36m (2.5ms)[0m  [1mcommit transaction[0m
  [1m[36m (7.7ms)[0m  [1mCREATE TABLE "schema_migrations" ("version" varchar NOT NULL) [0m
  [1m[35m (0.2ms)[0m  select sqlite_version(*)
  [1m[36m (3.9ms)[0m  [1mCREATE UNIQUE INDEX "unique_schema_migrations" ON "schema_migrations" ("version")[0m
  [1m[35mActiveRecord::SchemaMigration Load (0.2ms)[0m  SELECT "schema_migrations".* FROM "schema_migrations"
Migrating to CreateLocations (20160718162030)
  [1m[36m (0.1ms)[0m  [1mbegin transaction[0m
DEPRECATION WARNING: `#timestamps` was called without specifying an option for `null`. In Rails 5, this behavior will change to `null: false`. You should manually specify `null: true` to prevent the behavior of your existing migrations from changing. (called from block in change at /Users/kristinpasive/wdi/projects/sanigo/db/migrate/20160718162030_create_locations.rb:7)
  [1m[35m (1.2ms)[0m  CREATE TABLE "locations" ("id" INTEGER PRIMARY KEY AUTOINCREMENT NOT NULL, "name" varchar, "address" varchar, "created_at" datetime, "updated_at" datetime) 
  [1m[36mSQL (0.2ms)[0m  [1mINSERT INTO "schema_migrations" ("version") VALUES (?)[0m  [["version", "20160718162030"]]
  [1m[35m (1.3ms)[0m  commit transaction
Migrating to CreateComments (20160718162154)
  [1m[36m (0.1ms)[0m  [1mbegin transaction[0m
  [1m[35m (0.4ms)[0m  CREATE TABLE "comments" ("id" INTEGER PRIMARY KEY AUTOINCREMENT NOT NULL, "title" varchar, "body" varchar, "location_id" integer) 
  [1m[36mSQL (0.1ms)[0m  [1mINSERT INTO "schema_migrations" ("version") VALUES (?)[0m  [["version", "20160718162154"]]
  [1m[35m (2.4ms)[0m  commit transaction
  [1m[36mActiveRecord::SchemaMigration Load (0.1ms)[0m  [1mSELECT "schema_migrations".* FROM "schema_migrations"[0m
  [1m[36mActiveRecord::SchemaMigration Load (0.1ms)[0m  [1mSELECT "schema_migrations".* FROM "schema_migrations"[0m
  [1m[35mComment Load (0.3ms)[0m  SELECT "comments".* FROM "comments"
  [1m[36mLocation Load (0.2ms)[0m  [1mSELECT "locations".* FROM "locations"[0m
  [1m[35m (0.1ms)[0m  begin transaction
  [1m[36mSQL (0.4ms)[0m  [1mINSERT INTO "locations" ("name", "address", "created_at", "updated_at") VALUES (?, ?, ?, ?)[0m  [["name", "Postpub"], ["address", "1422 L St NW, Washington, DC 20005"], ["created_at", "2016-07-18 16:26:19.097886"], ["updated_at", "2016-07-18 16:26:19.097886"]]
  [1m[35m (2.4ms)[0m  commit transaction
  [1m[36m (0.1ms)[0m  [1mbegin transaction[0m
  [1m[35mSQL (0.3ms)[0m  INSERT INTO "locations" ("name", "address", "created_at", "updated_at") VALUES (?, ?, ?, ?)  [["name", "General Assembly"], ["address", "1133 15th St NW, Washington, DC 20005"], ["created_at", "2016-07-18 16:26:19.103935"], ["updated_at", "2016-07-18 16:26:19.103935"]]
  [1m[36m (0.8ms)[0m  [1mcommit transaction[0m
  [1m[36m (3.3ms)[0m  [1mCREATE TABLE "schema_migrations" ("version" varchar NOT NULL) [0m
  [1m[35m (0.1ms)[0m  select sqlite_version(*)
  [1m[36m (3.2ms)[0m  [1mCREATE UNIQUE INDEX "unique_schema_migrations" ON "schema_migrations" ("version")[0m
  [1m[35mActiveRecord::SchemaMigration Load (0.2ms)[0m  SELECT "schema_migrations".* FROM "schema_migrations"
Migrating to CreateLocations (20160718162030)
  [1m[36m (0.1ms)[0m  [1mbegin transaction[0m
DEPRECATION WARNING: `#timestamps` was called without specifying an option for `null`. In Rails 5, this behavior will change to `null: false`. You should manually specify `null: true` to prevent the behavior of your existing migrations from changing. (called from block in change at /Users/kristinpasive/wdi/projects/sanigo/db/migrate/20160718162030_create_locations.rb:7)
  [1m[35m (0.5ms)[0m  CREATE TABLE "locations" ("id" INTEGER PRIMARY KEY AUTOINCREMENT NOT NULL, "name" varchar, "address" varchar, "created_at" datetime, "updated_at" datetime) 
  [1m[36mSQL (0.2ms)[0m  [1mINSERT INTO "schema_migrations" ("version") VALUES (?)[0m  [["version", "20160718162030"]]
  [1m[35m (2.8ms)[0m  commit transaction
Migrating to CreateComments (20160718162154)
  [1m[36m (0.1ms)[0m  [1mbegin transaction[0m
  [1m[35m (0.3ms)[0m  CREATE TABLE "comments" ("id" INTEGER PRIMARY KEY AUTOINCREMENT NOT NULL, "title" varchar, "body" varchar, "location_id" integer) 
  [1m[36mSQL (0.1ms)[0m  [1mINSERT INTO "schema_migrations" ("version") VALUES (?)[0m  [["version", "20160718162154"]]
  [1m[35m (2.8ms)[0m  commit transaction
  [1m[36mActiveRecord::SchemaMigration Load (0.4ms)[0m  [1mSELECT "schema_migrations".* FROM "schema_migrations"[0m
  [1m[36mActiveRecord::SchemaMigration Load (0.1ms)[0m  [1mSELECT "schema_migrations".* FROM "schema_migrations"[0m
  [1m[35mComment Load (0.2ms)[0m  SELECT "comments".* FROM "comments"
  [1m[36mLocation Load (0.2ms)[0m  [1mSELECT "locations".* FROM "locations"[0m
  [1m[35m (0.1ms)[0m  begin transaction
  [1m[36mSQL (0.4ms)[0m  [1mINSERT INTO "locations" ("name", "address", "created_at", "updated_at") VALUES (?, ?, ?, ?)[0m  [["name", "Postpub"], ["address", "1422 L St NW, Washington, DC 20005"], ["created_at", "2016-07-18 16:36:03.880715"], ["updated_at", "2016-07-18 16:36:03.880715"]]
  [1m[35m (2.6ms)[0m  commit transaction
  [1m[36m (0.1ms)[0m  [1mbegin transaction[0m
  [1m[35mSQL (0.3ms)[0m  INSERT INTO "locations" ("name", "address", "created_at", "updated_at") VALUES (?, ?, ?, ?)  [["name", "General Assembly"], ["address", "1133 15th St NW, Washington, DC 20005"], ["created_at", "2016-07-18 16:36:03.886976"], ["updated_at", "2016-07-18 16:36:03.886976"]]
  [1m[36m (2.5ms)[0m  [1mcommit transaction[0m
  [1m[36mActiveRecord::SchemaMigration Load (0.1ms)[0m  [1mSELECT "schema_migrations".* FROM "schema_migrations"[0m
  [1m[35mComment Load (0.1ms)[0m  SELECT "comments".* FROM "comments"
  [1m[36mLocation Load (0.1ms)[0m  [1mSELECT "locations".* FROM "locations"[0m
  [1m[35m (0.1ms)[0m  begin transaction
  [1m[36mComment Load (0.2ms)[0m  [1mSELECT "comments".* FROM "comments" WHERE "comments"."location_id" = ?[0m  [["location_id", 1]]
  [1m[35mSQL (0.4ms)[0m  DELETE FROM "locations" WHERE "locations"."id" = ?  [["id", 1]]
  [1m[36m (3.2ms)[0m  [1mcommit transaction[0m
  [1m[35m (0.1ms)[0m  begin transaction
  [1m[36mComment Load (0.2ms)[0m  [1mSELECT "comments".* FROM "comments" WHERE "comments"."location_id" = ?[0m  [["location_id", 2]]
  [1m[35mSQL (0.2ms)[0m  DELETE FROM "locations" WHERE "locations"."id" = ?  [["id", 2]]
  [1m[36m (2.8ms)[0m  [1mcommit transaction[0m
  [1m[35m (0.1ms)[0m  begin transaction
  [1m[36mSQL (0.5ms)[0m  [1mINSERT INTO "locations" ("name", "address", "created_at", "updated_at") VALUES (?, ?, ?, ?)[0m  [["name", "Postpub"], ["address", "1422 L St NW, Washington, DC 20005"], ["created_at", "2016-07-18 16:36:37.233968"], ["updated_at", "2016-07-18 16:36:37.233968"]]
  [1m[35m (2.4ms)[0m  commit transaction
  [1m[36m (0.1ms)[0m  [1mbegin transaction[0m
  [1m[35mSQL (0.4ms)[0m  INSERT INTO "locations" ("name", "address", "created_at", "updated_at") VALUES (?, ?, ?, ?)  [["name", "General Assembly"], ["address", "1133 15th St NW, Washington, DC 20005"], ["created_at", "2016-07-18 16:36:37.239668"], ["updated_at", "2016-07-18 16:36:37.239668"]]
  [1m[36m (2.8ms)[0m  [1mcommit transaction[0m
  [1m[35m (0.1ms)[0m  begin transaction
  [1m[36mSQL (0.3ms)[0m  [1mINSERT INTO "comments" ("title", "body", "location_id") VALUES (?, ?, ?)[0m  [["title", "First comment"], ["body", "This is a great bathroom!"], ["location_id", 3]]
  [1m[35m (2.6ms)[0m  commit transaction
  [1m[36m (0.1ms)[0m  [1mbegin transaction[0m
  [1m[35mSQL (0.3ms)[0m  INSERT INTO "comments" ("title", "body", "location_id") VALUES (?, ?, ?)  [["title", "Second comment"], ["body", "This is a terrible place!"], ["location_id", 4]]
  [1m[36m (2.5ms)[0m  [1mcommit transaction[0m
